<html>
<head>
<title>TestNG:  SingleTestEnv5</title>
<link href="../testng.css" rel="stylesheet" type="text/css" />
<link href="../my-testng.css" rel="stylesheet" type="text/css" />

<style type="text/css">
.log { display: none;} 
.stack-trace { display: none;} 
</style>
<script type="text/javascript">
<!--
function flip(e) {
  current = e.style.display;
  if (current == 'block') {
    e.style.display = 'none';
    return 0;
  }
  else {
    e.style.display = 'block';
    return 1;
  }
}

function toggleBox(szDivId, elem, msg1, msg2)
{
  var res = -1;  if (document.getElementById) {
    res = flip(document.getElementById(szDivId));
  }
  else if (document.all) {
    // this is the way old msie versions work
    res = flip(document.all[szDivId]);
  }
  if(elem) {
    if(res == 0) elem.innerHTML = msg1; else elem.innerHTML = msg2;
  }

}

function toggleAllBoxes() {
  if (document.getElementsByTagName) {
    d = document.getElementsByTagName('div');
    for (i = 0; i < d.length; i++) {
      if (d[i].className == 'log') {
        flip(d[i]);
      }
    }
  }
}

// -->
</script>

</head>
<body>
<h2 align='center'>SingleTestEnv5</h2><table border='1' align="center">
<tr>
<td>Tests passed/Failed/Skipped:</td><td>0/0/1</td>
</tr><tr>
<td>Started on:</td><td>Wed Jul 28 12:49:35 IST 2021</td>
</tr>
<tr><td>Total time:</td><td>199 seconds (199694 ms)</td>
</tr><tr>
<td>Included groups:</td><td></td>
</tr><tr>
<td>Excluded groups:</td><td></td>
</tr>
</table><p/>
<small><i>(Hover the method name to see the test class name)</i></small><p/>
<table width='100%' border='1' class='invocation-failed'>
<tr><td colspan='4' align='center'><b>FAILED CONFIGURATIONS</b></td></tr>
<tr><td><b>Test method</b></td>
<td width="30%"><b>Exception</b></td>
<td width="10%"><b>Time (seconds)</b></td>
<td><b>Instance</b></td>
</tr>
<tr>
<td title='platformrunner.Runner.setUpBrowser()'><b>setUpBrowser</b><br>Test class: platformrunner.Runner<br>Parameters: browserstack, null, mustHave.conf.json, env5</td>
<td><div><pre>org.openqa.selenium.UnsupportedCommandException: Command not supported. (WARNING: The server did not provide any stacktrace information)
Command duration or timeout: 0 milliseconds
Build info: version: &apos;3.11.0&apos;, revision: &apos;e59cfb3&apos;, time: &apos;2018-03-11T20:26:55.152Z&apos;
System info: host: &apos;DESKTOP-FGAD874&apos;, ip: &apos;11.11.0.40&apos;, os.name: &apos;Windows 10&apos;, os.arch: &apos;amd64&apos;, os.version: &apos;10.0&apos;, java.version: &apos;15.0.2&apos;
Driver info: org.openqa.selenium.remote.RemoteWebDriver
Capabilities {64bit: false, acceptSslCert: true, acceptSslCerts: true, appActivity: com.google.android.apps.chr..., appPackage: com.android.chrome, browser: android, browserName: chrome, browserstack.appium_version: 1.17.0, browserstack.is_hub_canary: false, buildName: test, chromeOptions: {args: [--ignore-certificate-errors, --proxy-bypass-list=&lt;-loopb..., test-type, --proxy-server=http://65.74..., --disable-features=TranslateUI], w3c: false}, chromedriverPort: 18086, databaseEnabled: false, detected_language: Apache-HttpClient/4.5.3 (Ja..., device: Samsung Galaxy Tab S7, deviceApiLevel: 29, deviceManufacturer: samsung, deviceModel: SM-T875, deviceName: R52N819Y7KE, deviceOrientation: portrait, deviceScreenDensity: 340, deviceScreenSize: 1600x2560, deviceUDID: R52N819Y7KE, enablePerformanceLogging: false, javascriptEnabled: true, locationContextEnabled: false, loggingPrefs: org.openqa.selenium.logging..., mobile: {browser: tablet, version: Samsung Galaxy Tab S7-10.0}, networkConnectionEnabled: true, newCommandTimeout: 0, new_bucketing: true, orientation: PORTRAIT, orig_os: android, osVersion: 10.0, os_version: 10.0, pixelRatio: 2.125, platform: ANDROID, platformName: ANDROID, platformVersion: 10, realMobile: true, real_mobile: true, sessionName: must_have_test, skipServerInstallation: true, statBarHeight: 51, systemPort: 8206, takesScreenshot: true, udid: R52N819Y7KE, version: , viewportRect: {height: 2407, left: 0, top: 51, width: 1600}, warnings: {}, webStorageEnabled: false}
Session ID: a30d8b334b463a870af5c597c9e250e657bcf8e0
	at org.openqa.selenium.remote.ErrorHandler.createThrowable(ErrorHandler.java:214)
	at org.openqa.selenium.remote.ErrorHandler.throwIfResponseFailed(ErrorHandler.java:166)
	at org.openqa.selenium.remote.http.JsonHttpResponseCodec.reconstructValue(JsonHttpResponseCodec.java:40)
	at org.openqa.selenium.remote.http.AbstractHttpResponseCodec.decode(AbstractHttpResponseCodec.java:82)
	at org.openqa.selenium.remote.http.AbstractHttpResponseCodec.decode(AbstractHttpResponseCodec.java:45)
	at org.openqa.selenium.remote.HttpCommandExecutor.execute(HttpCommandExecutor.java:164)
	at org.openqa.selenium.remote.RemoteWebDriver.execute(RemoteWebDriver.java:586)
	at org.openqa.selenium.remote.RemoteWebDriver.execute(RemoteWebDriver.java:643)
	at org.openqa.selenium.remote.RemoteWebDriver$RemoteWebDriverOptions$RemoteWindow.maximize(RemoteWebDriver.java:877)
	at base.NewBaseClass.replaceurl(NewBaseClass.java:228)
	at base.NewBaseClass.navigateToUrl(NewBaseClass.java:62)
	at base.NewBaseClass.openBrowserstack(NewBaseClass.java:161)
	at base.NewBaseClass.openBrowser(NewBaseClass.java:198)
	at platformrunner.Runner.setUpBrowser(Runner.java:46)
... Removed 29 stack frames</pre></div><a href='#' onClick='toggleBox("stack-trace581892832", this, "Click to show all stack frames", "Click to hide stack frames")'>Click to show all stack frames</a>
<div class='stack-trace' id='stack-trace581892832'><pre>org.openqa.selenium.UnsupportedCommandException: Command not supported. (WARNING: The server did not provide any stacktrace information)
Command duration or timeout: 0 milliseconds
Build info: version: &apos;3.11.0&apos;, revision: &apos;e59cfb3&apos;, time: &apos;2018-03-11T20:26:55.152Z&apos;
System info: host: &apos;DESKTOP-FGAD874&apos;, ip: &apos;11.11.0.40&apos;, os.name: &apos;Windows 10&apos;, os.arch: &apos;amd64&apos;, os.version: &apos;10.0&apos;, java.version: &apos;15.0.2&apos;
Driver info: org.openqa.selenium.remote.RemoteWebDriver
Capabilities {64bit: false, acceptSslCert: true, acceptSslCerts: true, appActivity: com.google.android.apps.chr..., appPackage: com.android.chrome, browser: android, browserName: chrome, browserstack.appium_version: 1.17.0, browserstack.is_hub_canary: false, buildName: test, chromeOptions: {args: [--ignore-certificate-errors, --proxy-bypass-list=&lt;-loopb..., test-type, --proxy-server=http://65.74..., --disable-features=TranslateUI], w3c: false}, chromedriverPort: 18086, databaseEnabled: false, detected_language: Apache-HttpClient/4.5.3 (Ja..., device: Samsung Galaxy Tab S7, deviceApiLevel: 29, deviceManufacturer: samsung, deviceModel: SM-T875, deviceName: R52N819Y7KE, deviceOrientation: portrait, deviceScreenDensity: 340, deviceScreenSize: 1600x2560, deviceUDID: R52N819Y7KE, enablePerformanceLogging: false, javascriptEnabled: true, locationContextEnabled: false, loggingPrefs: org.openqa.selenium.logging..., mobile: {browser: tablet, version: Samsung Galaxy Tab S7-10.0}, networkConnectionEnabled: true, newCommandTimeout: 0, new_bucketing: true, orientation: PORTRAIT, orig_os: android, osVersion: 10.0, os_version: 10.0, pixelRatio: 2.125, platform: ANDROID, platformName: ANDROID, platformVersion: 10, realMobile: true, real_mobile: true, sessionName: must_have_test, skipServerInstallation: true, statBarHeight: 51, systemPort: 8206, takesScreenshot: true, udid: R52N819Y7KE, version: , viewportRect: {height: 2407, left: 0, top: 51, width: 1600}, warnings: {}, webStorageEnabled: false}
Session ID: a30d8b334b463a870af5c597c9e250e657bcf8e0
	at java.base/jdk.internal.reflect.NativeConstructorAccessorImpl.newInstance0(Native Method)
	at java.base/jdk.internal.reflect.NativeConstructorAccessorImpl.newInstance(NativeConstructorAccessorImpl.java:64)
	at java.base/jdk.internal.reflect.DelegatingConstructorAccessorImpl.newInstance(DelegatingConstructorAccessorImpl.java:45)
	at java.base/java.lang.reflect.Constructor.newInstanceWithCaller(Constructor.java:500)
	at java.base/java.lang.reflect.Constructor.newInstance(Constructor.java:481)
	at org.openqa.selenium.remote.ErrorHandler.createThrowable(ErrorHandler.java:214)
	at org.openqa.selenium.remote.ErrorHandler.throwIfResponseFailed(ErrorHandler.java:166)
	at org.openqa.selenium.remote.http.JsonHttpResponseCodec.reconstructValue(JsonHttpResponseCodec.java:40)
	at org.openqa.selenium.remote.http.AbstractHttpResponseCodec.decode(AbstractHttpResponseCodec.java:82)
	at org.openqa.selenium.remote.http.AbstractHttpResponseCodec.decode(AbstractHttpResponseCodec.java:45)
	at org.openqa.selenium.remote.HttpCommandExecutor.execute(HttpCommandExecutor.java:164)
	at org.openqa.selenium.remote.RemoteWebDriver.execute(RemoteWebDriver.java:586)
	at org.openqa.selenium.remote.RemoteWebDriver.execute(RemoteWebDriver.java:643)
	at org.openqa.selenium.remote.RemoteWebDriver$RemoteWebDriverOptions$RemoteWindow.maximize(RemoteWebDriver.java:877)
	at base.NewBaseClass.replaceurl(NewBaseClass.java:228)
	at base.NewBaseClass.navigateToUrl(NewBaseClass.java:62)
	at base.NewBaseClass.openBrowserstack(NewBaseClass.java:161)
	at base.NewBaseClass.openBrowser(NewBaseClass.java:198)
	at platformrunner.Runner.setUpBrowser(Runner.java:46)
	at java.base/jdk.internal.reflect.NativeMethodAccessorImpl.invoke0(Native Method)
	at java.base/jdk.internal.reflect.NativeMethodAccessorImpl.invoke(NativeMethodAccessorImpl.java:64)
	at java.base/jdk.internal.reflect.DelegatingMethodAccessorImpl.invoke(DelegatingMethodAccessorImpl.java:43)
	at java.base/java.lang.reflect.Method.invoke(Method.java:564)
	at org.testng.internal.MethodInvocationHelper.invokeMethod(MethodInvocationHelper.java:124)
	at org.testng.internal.MethodInvocationHelper.invokeMethodConsideringTimeout(MethodInvocationHelper.java:59)
	at org.testng.internal.Invoker.invokeConfigurationMethod(Invoker.java:451)
	at org.testng.internal.Invoker.invokeConfigurations(Invoker.java:222)
	at org.testng.internal.Invoker.invokeConfigurations(Invoker.java:142)
	at org.testng.TestRunner.beforeRun(TestRunner.java:529)
	at org.testng.TestRunner.run(TestRunner.java:497)
	at org.testng.SuiteRunner.runTest(SuiteRunner.java:455)
	at org.testng.SuiteRunner.runSequentially(SuiteRunner.java:450)
	at org.testng.SuiteRunner.privateRun(SuiteRunner.java:415)
	at org.testng.SuiteRunner.run(SuiteRunner.java:364)
	at org.testng.SuiteRunnerWorker.runSuite(SuiteRunnerWorker.java:52)
	at org.testng.SuiteRunnerWorker.run(SuiteRunnerWorker.java:84)
	at org.testng.TestNG.runSuitesSequentially(TestNG.java:1187)
	at org.testng.TestNG.runSuitesLocally(TestNG.java:1116)
	at org.testng.TestNG.runSuites(TestNG.java:1028)
	at org.testng.TestNG.run(TestNG.java:996)
	at org.testng.remote.AbstractRemoteTestNG.run(AbstractRemoteTestNG.java:115)
	at org.testng.remote.RemoteTestNG.initAndRun(RemoteTestNG.java:251)
	at org.testng.remote.RemoteTestNG.main(RemoteTestNG.java:77)
</pre></div></td>
<td>199</td>
<td>platformrunner.Runner@349c1daf</td></tr>
</table><p>
<table width='100%' border='1' class='invocation-skipped'>
<tr><td colspan='4' align='center'><b>SKIPPED CONFIGURATIONS</b></td></tr>
<tr><td><b>Test method</b></td>
<td width="30%"><b>Exception</b></td>
<td width="10%"><b>Time (seconds)</b></td>
<td><b>Instance</b></td>
</tr>
<tr>
<td title='platformrunner.Runner.closeBrowser()'><b>closeBrowser</b><br>Test class: platformrunner.Runner</td>
<td></td>
<td>0</td>
<td>platformrunner.Runner@349c1daf</td></tr>
</table><p>
<table width='100%' border='1' class='invocation-skipped'>
<tr><td colspan='4' align='center'><b>SKIPPED TESTS</b></td></tr>
<tr><td><b>Test method</b></td>
<td width="30%"><b>Exception</b></td>
<td width="10%"><b>Time (seconds)</b></td>
<td><b>Instance</b></td>
</tr>
<tr>
<td title='platformrunner.Runner.feature()'><b>feature</b><br>Test class: platformrunner.Runner<br>Test method: Runs Cucumber Feature</td>
<td><div><pre>org.openqa.selenium.UnsupportedCommandException: Command not supported. (WARNING: The server did not provide any stacktrace information)
Command duration or timeout: 0 milliseconds
Build info: version: &apos;3.11.0&apos;, revision: &apos;e59cfb3&apos;, time: &apos;2018-03-11T20:26:55.152Z&apos;
System info: host: &apos;DESKTOP-FGAD874&apos;, ip: &apos;11.11.0.40&apos;, os.name: &apos;Windows 10&apos;, os.arch: &apos;amd64&apos;, os.version: &apos;10.0&apos;, java.version: &apos;15.0.2&apos;
Driver info: org.openqa.selenium.remote.RemoteWebDriver
Capabilities {64bit: false, acceptSslCert: true, acceptSslCerts: true, appActivity: com.google.android.apps.chr..., appPackage: com.android.chrome, browser: android, browserName: chrome, browserstack.appium_version: 1.17.0, browserstack.is_hub_canary: false, buildName: test, chromeOptions: {args: [--ignore-certificate-errors, --proxy-bypass-list=&lt;-loopb..., test-type, --proxy-server=http://65.74..., --disable-features=TranslateUI], w3c: false}, chromedriverPort: 18086, databaseEnabled: false, detected_language: Apache-HttpClient/4.5.3 (Ja..., device: Samsung Galaxy Tab S7, deviceApiLevel: 29, deviceManufacturer: samsung, deviceModel: SM-T875, deviceName: R52N819Y7KE, deviceOrientation: portrait, deviceScreenDensity: 340, deviceScreenSize: 1600x2560, deviceUDID: R52N819Y7KE, enablePerformanceLogging: false, javascriptEnabled: true, locationContextEnabled: false, loggingPrefs: org.openqa.selenium.logging..., mobile: {browser: tablet, version: Samsung Galaxy Tab S7-10.0}, networkConnectionEnabled: true, newCommandTimeout: 0, new_bucketing: true, orientation: PORTRAIT, orig_os: android, osVersion: 10.0, os_version: 10.0, pixelRatio: 2.125, platform: ANDROID, platformName: ANDROID, platformVersion: 10, realMobile: true, real_mobile: true, sessionName: must_have_test, skipServerInstallation: true, statBarHeight: 51, systemPort: 8206, takesScreenshot: true, udid: R52N819Y7KE, version: , viewportRect: {height: 2407, left: 0, top: 51, width: 1600}, warnings: {}, webStorageEnabled: false}
Session ID: a30d8b334b463a870af5c597c9e250e657bcf8e0
	at org.openqa.selenium.remote.ErrorHandler.createThrowable(ErrorHandler.java:214)
	at org.openqa.selenium.remote.ErrorHandler.throwIfResponseFailed(ErrorHandler.java:166)
	at org.openqa.selenium.remote.http.JsonHttpResponseCodec.reconstructValue(JsonHttpResponseCodec.java:40)
	at org.openqa.selenium.remote.http.AbstractHttpResponseCodec.decode(AbstractHttpResponseCodec.java:82)
	at org.openqa.selenium.remote.http.AbstractHttpResponseCodec.decode(AbstractHttpResponseCodec.java:45)
	at org.openqa.selenium.remote.HttpCommandExecutor.execute(HttpCommandExecutor.java:164)
	at org.openqa.selenium.remote.RemoteWebDriver.execute(RemoteWebDriver.java:586)
	at org.openqa.selenium.remote.RemoteWebDriver.execute(RemoteWebDriver.java:643)
	at org.openqa.selenium.remote.RemoteWebDriver$RemoteWebDriverOptions$RemoteWindow.maximize(RemoteWebDriver.java:877)
	at base.NewBaseClass.replaceurl(NewBaseClass.java:228)
	at base.NewBaseClass.navigateToUrl(NewBaseClass.java:62)
	at base.NewBaseClass.openBrowserstack(NewBaseClass.java:161)
	at base.NewBaseClass.openBrowser(NewBaseClass.java:198)
	at platformrunner.Runner.setUpBrowser(Runner.java:46)
... Removed 29 stack frames</pre></div><a href='#' onClick='toggleBox("stack-trace1028909174", this, "Click to show all stack frames", "Click to hide stack frames")'>Click to show all stack frames</a>
<div class='stack-trace' id='stack-trace1028909174'><pre>org.openqa.selenium.UnsupportedCommandException: Command not supported. (WARNING: The server did not provide any stacktrace information)
Command duration or timeout: 0 milliseconds
Build info: version: &apos;3.11.0&apos;, revision: &apos;e59cfb3&apos;, time: &apos;2018-03-11T20:26:55.152Z&apos;
System info: host: &apos;DESKTOP-FGAD874&apos;, ip: &apos;11.11.0.40&apos;, os.name: &apos;Windows 10&apos;, os.arch: &apos;amd64&apos;, os.version: &apos;10.0&apos;, java.version: &apos;15.0.2&apos;
Driver info: org.openqa.selenium.remote.RemoteWebDriver
Capabilities {64bit: false, acceptSslCert: true, acceptSslCerts: true, appActivity: com.google.android.apps.chr..., appPackage: com.android.chrome, browser: android, browserName: chrome, browserstack.appium_version: 1.17.0, browserstack.is_hub_canary: false, buildName: test, chromeOptions: {args: [--ignore-certificate-errors, --proxy-bypass-list=&lt;-loopb..., test-type, --proxy-server=http://65.74..., --disable-features=TranslateUI], w3c: false}, chromedriverPort: 18086, databaseEnabled: false, detected_language: Apache-HttpClient/4.5.3 (Ja..., device: Samsung Galaxy Tab S7, deviceApiLevel: 29, deviceManufacturer: samsung, deviceModel: SM-T875, deviceName: R52N819Y7KE, deviceOrientation: portrait, deviceScreenDensity: 340, deviceScreenSize: 1600x2560, deviceUDID: R52N819Y7KE, enablePerformanceLogging: false, javascriptEnabled: true, locationContextEnabled: false, loggingPrefs: org.openqa.selenium.logging..., mobile: {browser: tablet, version: Samsung Galaxy Tab S7-10.0}, networkConnectionEnabled: true, newCommandTimeout: 0, new_bucketing: true, orientation: PORTRAIT, orig_os: android, osVersion: 10.0, os_version: 10.0, pixelRatio: 2.125, platform: ANDROID, platformName: ANDROID, platformVersion: 10, realMobile: true, real_mobile: true, sessionName: must_have_test, skipServerInstallation: true, statBarHeight: 51, systemPort: 8206, takesScreenshot: true, udid: R52N819Y7KE, version: , viewportRect: {height: 2407, left: 0, top: 51, width: 1600}, warnings: {}, webStorageEnabled: false}
Session ID: a30d8b334b463a870af5c597c9e250e657bcf8e0
	at java.base/jdk.internal.reflect.NativeConstructorAccessorImpl.newInstance0(Native Method)
	at java.base/jdk.internal.reflect.NativeConstructorAccessorImpl.newInstance(NativeConstructorAccessorImpl.java:64)
	at java.base/jdk.internal.reflect.DelegatingConstructorAccessorImpl.newInstance(DelegatingConstructorAccessorImpl.java:45)
	at java.base/java.lang.reflect.Constructor.newInstanceWithCaller(Constructor.java:500)
	at java.base/java.lang.reflect.Constructor.newInstance(Constructor.java:481)
	at org.openqa.selenium.remote.ErrorHandler.createThrowable(ErrorHandler.java:214)
	at org.openqa.selenium.remote.ErrorHandler.throwIfResponseFailed(ErrorHandler.java:166)
	at org.openqa.selenium.remote.http.JsonHttpResponseCodec.reconstructValue(JsonHttpResponseCodec.java:40)
	at org.openqa.selenium.remote.http.AbstractHttpResponseCodec.decode(AbstractHttpResponseCodec.java:82)
	at org.openqa.selenium.remote.http.AbstractHttpResponseCodec.decode(AbstractHttpResponseCodec.java:45)
	at org.openqa.selenium.remote.HttpCommandExecutor.execute(HttpCommandExecutor.java:164)
	at org.openqa.selenium.remote.RemoteWebDriver.execute(RemoteWebDriver.java:586)
	at org.openqa.selenium.remote.RemoteWebDriver.execute(RemoteWebDriver.java:643)
	at org.openqa.selenium.remote.RemoteWebDriver$RemoteWebDriverOptions$RemoteWindow.maximize(RemoteWebDriver.java:877)
	at base.NewBaseClass.replaceurl(NewBaseClass.java:228)
	at base.NewBaseClass.navigateToUrl(NewBaseClass.java:62)
	at base.NewBaseClass.openBrowserstack(NewBaseClass.java:161)
	at base.NewBaseClass.openBrowser(NewBaseClass.java:198)
	at platformrunner.Runner.setUpBrowser(Runner.java:46)
	at java.base/jdk.internal.reflect.NativeMethodAccessorImpl.invoke0(Native Method)
	at java.base/jdk.internal.reflect.NativeMethodAccessorImpl.invoke(NativeMethodAccessorImpl.java:64)
	at java.base/jdk.internal.reflect.DelegatingMethodAccessorImpl.invoke(DelegatingMethodAccessorImpl.java:43)
	at java.base/java.lang.reflect.Method.invoke(Method.java:564)
	at org.testng.internal.MethodInvocationHelper.invokeMethod(MethodInvocationHelper.java:124)
	at org.testng.internal.MethodInvocationHelper.invokeMethodConsideringTimeout(MethodInvocationHelper.java:59)
	at org.testng.internal.Invoker.invokeConfigurationMethod(Invoker.java:451)
	at org.testng.internal.Invoker.invokeConfigurations(Invoker.java:222)
	at org.testng.internal.Invoker.invokeConfigurations(Invoker.java:142)
	at org.testng.TestRunner.beforeRun(TestRunner.java:529)
	at org.testng.TestRunner.run(TestRunner.java:497)
	at org.testng.SuiteRunner.runTest(SuiteRunner.java:455)
	at org.testng.SuiteRunner.runSequentially(SuiteRunner.java:450)
	at org.testng.SuiteRunner.privateRun(SuiteRunner.java:415)
	at org.testng.SuiteRunner.run(SuiteRunner.java:364)
	at org.testng.SuiteRunnerWorker.runSuite(SuiteRunnerWorker.java:52)
	at org.testng.SuiteRunnerWorker.run(SuiteRunnerWorker.java:84)
	at org.testng.TestNG.runSuitesSequentially(TestNG.java:1187)
	at org.testng.TestNG.runSuitesLocally(TestNG.java:1116)
	at org.testng.TestNG.runSuites(TestNG.java:1028)
	at org.testng.TestNG.run(TestNG.java:996)
	at org.testng.remote.AbstractRemoteTestNG.run(AbstractRemoteTestNG.java:115)
	at org.testng.remote.RemoteTestNG.initAndRun(RemoteTestNG.java:251)
	at org.testng.remote.RemoteTestNG.main(RemoteTestNG.java:77)
</pre></div></td>
<td>0</td>
<td>platformrunner.Runner@349c1daf</td></tr>
</table><p>
</body>
</html>