<?xml version="1.0" encoding="UTF-8"?>
<!-- Generated by org.testng.reporters.JUnitXMLReporter -->
<testsuite ignored="0" hostname="DESKTOP-FGAD874" failures="0" tests="1" name="SingleTestEnv6" time="212.86" errors="0" timestamp="28 Jul 2021 07:26:28 GMT">
  <testcase classname="platformrunner.Runner" name="@BeforeTest setUpBrowser" time="212.789">
    <failure type="org.openqa.selenium.remote.UnreachableBrowserException" message="Error communicating with the remote browser. It may have died.
Build info: version: &amp;apos;3.11.0&amp;apos;, revision: &amp;apos;e59cfb3&amp;apos;, time: &amp;apos;2018-03-11T20:26:55.152Z&amp;apos;
System info: host: &amp;apos;DESKTOP-FGAD874&amp;apos;, ip: &amp;apos;11.11.0.40&amp;apos;, os.name: &amp;apos;Windows 10&amp;apos;, os.arch: &amp;apos;amd64&amp;apos;, os.version: &amp;apos;10.0&amp;apos;, java.version: &amp;apos;15.0.2&amp;apos;
Driver info: driver.version: RemoteWebDriver
Capabilities {64bit: false, acceptSslCert: true, acceptSslCerts: true, autoAcceptAlerts: true, automationName: XCUITest, bootstrapPath: /usr/local/.browserstack/co..., browser: iphone, browserName: safari, browserstack.appium_version: 1.17.0, browserstack.isTargetBased: true, browserstack.is_hub_canary: false, buildName: test, databaseEnabled: false, detected_language: Apache-HttpClient/4.5.3 (Ja..., device: iphone, deviceName: iPhone 12, deviceOrientation: PORTRAIT, javascriptEnabled: true, locationContextEnabled: false, mobile: {browser: mobile, version: iPhone 12-14.1}, networkConnectionEnabled: false, newCommandTimeout: 0, new_bucketing: true, noReset: true, orientation: PORTRAIT, orig_os: ios, osVersion: 14, os_version: 14.0, platform: MAC, platformName: MAC, realMobile: true, real_mobile: true, safariIgnoreFraudWarning: true, safariInitialUrl: http://mobile-internet-chec..., sessionName: must_have_test, takesScreenshot: true, udid: 00008101-000A242A1430001E, useXctestrunFile: true, version: , wda_port: 8401, webStorageEnabled: false, webkitResponseTimeout: 20000}
Session ID: 6e73653e0b324791d93fa362f545b0a57bb99f94">
      <![CDATA[org.openqa.selenium.remote.UnreachableBrowserException: Error communicating with the remote browser. It may have died.Build info: version: '3.11.0', revision: 'e59cfb3', time: '2018-03-11T20:26:55.152Z'System info: host: 'DESKTOP-FGAD874', ip: '11.11.0.40', os.name: 'Windows 10', os.arch: 'amd64', os.version: '10.0', java.version: '15.0.2'Driver info: driver.version: RemoteWebDriverCapabilities {64bit: false, acceptSslCert: true, acceptSslCerts: true, autoAcceptAlerts: true, automationName: XCUITest, bootstrapPath: /usr/local/.browserstack/co..., browser: iphone, browserName: safari, browserstack.appium_version: 1.17.0, browserstack.isTargetBased: true, browserstack.is_hub_canary: false, buildName: test, databaseEnabled: false, detected_language: Apache-HttpClient/4.5.3 (Ja..., device: iphone, deviceName: iPhone 12, deviceOrientation: PORTRAIT, javascriptEnabled: true, locationContextEnabled: false, mobile: {browser: mobile, version: iPhone 12-14.1}, networkConnectionEnabled: false, newCommandTimeout: 0, new_bucketing: true, noReset: true, orientation: PORTRAIT, orig_os: ios, osVersion: 14, os_version: 14.0, platform: MAC, platformName: MAC, realMobile: true, real_mobile: true, safariIgnoreFraudWarning: true, safariInitialUrl: http://mobile-internet-chec..., sessionName: must_have_test, takesScreenshot: true, udid: 00008101-000A242A1430001E, useXctestrunFile: true, version: , wda_port: 8401, webStorageEnabled: false, webkitResponseTimeout: 20000}Session ID: 6e73653e0b324791d93fa362f545b0a57bb99f94at org.openqa.selenium.remote.RemoteWebDriver.execute(RemoteWebDriver.java:607)at org.openqa.selenium.remote.RemoteWebDriver.execute(RemoteWebDriver.java:643)at org.openqa.selenium.remote.RemoteWebDriver$RemoteWebDriverOptions$RemoteWindow.maximize(RemoteWebDriver.java:877)at base.NewBaseClass.replaceurl(NewBaseClass.java:228)at base.NewBaseClass.navigateToUrl(NewBaseClass.java:62)at base.NewBaseClass.openBrowserstack(NewBaseClass.java:161)at base.NewBaseClass.openBrowser(NewBaseClass.java:198)at platformrunner.Runner.setUpBrowser(Runner.java:46)Caused by: java.lang.IllegalArgumentException: expected one element but was: <unknown method, unsupported operation>at com.google.common.collect.Iterators.getOnlyElement(Iterators.java:328)at com.google.common.collect.Iterators.getOnlyElement(Iterators.java:341)at com.google.common.collect.Iterables.getOnlyElement(Iterables.java:280)at org.openqa.selenium.remote.ErrorCodes.toState(ErrorCodes.java:124)at org.openqa.selenium.remote.JsonToBeanConverter.convert(JsonToBeanConverter.java:139)at org.openqa.selenium.remote.JsonToBeanConverter.convert(JsonToBeanConverter.java:47)at org.openqa.selenium.remote.http.AbstractHttpResponseCodec.decode(AbstractHttpResponseCodec.java:82)at org.openqa.selenium.remote.http.AbstractHttpResponseCodec.decode(AbstractHttpResponseCodec.java:45)at org.openqa.selenium.remote.HttpCommandExecutor.execute(HttpCommandExecutor.java:164)at org.openqa.selenium.remote.RemoteWebDriver.execute(RemoteWebDriver.java:586)... 31 more... Removed 24 stack frames]]>
    </failure>
  </testcase> <!-- @BeforeTest setUpBrowser -->
  <testcase classname="platformrunner.Runner" name="@AfterTest closeBrowser" time="0.0">
    <skipped/>
  </testcase> <!-- @AfterTest closeBrowser -->
  <testcase classname="cucumber.api.testng.AbstractTestNGCucumberTests" name="feature" time="0.0">
    <skipped/>
  </testcase> <!-- feature -->
</testsuite> <!-- SingleTestEnv6 -->
